<?xml version="1.0" encoding="UTF-8"?>
<!-- Generated by org.testng.reporters.JUnitXMLReporter -->
<testsuite ignored="0" hostname="LAPTOP-GBKDVHB5" failures="0" tests="3" name="Default test" time="0.06" errors="0" timestamp="2021-08-31T17:53:06 IST">
  <testcase classname="demoTestNG.AnnotationsPRactice" name="display2" time="0.005"/>
  <testcase classname="demoTestNG.AnnotationsPRactice" name="display" time="0.002"/>
  <testcase classname="demoTestNG.AnnotationsPRactice" name="display1" time="0.001"/>
</testsuite> <!-- Default test -->
