<?xml version="1.0" encoding="UTF-8"?>
<!-- Generated by org.testng.reporters.JUnitXMLReporter -->
<testsuite ignored="0" hostname="LAPTOP-GBKDVHB5" failures="0" tests="4" name="Test" time="0.066" errors="0" timestamp="2021-08-31T15:43:26 IST">
  <testcase classname="demoTestNG.AnnotationsPRactice" name="display2" time="0.01"/>
  <testcase classname="demoTestNG.AnnotationsPRactice" name="display" time="0.002"/>
  <testcase classname="demoTestNG.AnnotationsPRactice" name="display1" time="0.001"/>
  <testcase classname="demoTestNG.BatchExecution" name="sample" time="0.0"/>
</testsuite> <!-- Test -->
