<?xml version="1.0" encoding="UTF-8"?>
<testng-results ignored="0" total="3" passed="3" failed="0" skipped="0">
  <reporter-output>
    <line>
      <![CDATA[hello]]>
    </line>
    <line>
      <![CDATA[hello]]>
    </line>
    <line>
      <![CDATA[hello]]>
    </line>
  </reporter-output>
  <suite started-at="2021-08-31T17:53:06 IST" name="Default suite" finished-at="2021-08-31T17:53:06 IST" duration-ms="60">
    <groups>
    </groups>
    <test started-at="2021-08-31T17:53:06 IST" name="Default test" finished-at="2021-08-31T17:53:06 IST" duration-ms="60">
      <class name="demoTestNG.AnnotationsPRactice">
        <test-method is-config="true" signature="configBS()[pri:0, instance:demoTestNG.AnnotationsPRactice@76c3e77a]" started-at="2021-08-31T17:53:06 IST" name="configBS" finished-at="2021-08-31T17:53:06 IST" duration-ms="8" status="PASS">
          <reporter-output>
          </reporter-output>
        </test-method> <!-- configBS -->
        <test-method is-config="true" signature="configBT()[pri:0, instance:demoTestNG.AnnotationsPRactice@76c3e77a]" started-at="2021-08-31T17:53:06 IST" name="configBT" finished-at="2021-08-31T17:53:06 IST" duration-ms="0" status="PASS">
          <reporter-output>
          </reporter-output>
        </test-method> <!-- configBT -->
        <test-method is-config="true" signature="configBC()[pri:0, instance:demoTestNG.AnnotationsPRactice@76c3e77a]" started-at="2021-08-31T17:53:06 IST" name="configBC" finished-at="2021-08-31T17:53:06 IST" duration-ms="0" status="PASS">
          <reporter-output>
          </reporter-output>
        </test-method> <!-- configBC -->
        <test-method is-config="true" signature="setUp()[pri:0, instance:demoTestNG.AnnotationsPRactice@76c3e77a]" started-at="2021-08-31T17:53:06 IST" name="setUp" finished-at="2021-08-31T17:53:06 IST" duration-ms="1" status="PASS">
          <reporter-output>
          </reporter-output>
        </test-method> <!-- setUp -->
        <test-method signature="display2()[pri:0, instance:demoTestNG.AnnotationsPRactice@76c3e77a]" started-at="2021-08-31T17:53:06 IST" name="display2" finished-at="2021-08-31T17:53:06 IST" duration-ms="5" status="PASS">
          <reporter-output>
            <line>
              <![CDATA[hello]]>
            </line>
          </reporter-output>
        </test-method> <!-- display2 -->
        <test-method is-config="true" signature="tearDown()[pri:0, instance:demoTestNG.AnnotationsPRactice@76c3e77a]" started-at="2021-08-31T17:53:06 IST" name="tearDown" finished-at="2021-08-31T17:53:06 IST" duration-ms="0" status="PASS">
          <reporter-output>
          </reporter-output>
        </test-method> <!-- tearDown -->
        <test-method is-config="true" signature="setUp()[pri:0, instance:demoTestNG.AnnotationsPRactice@76c3e77a]" started-at="2021-08-31T17:53:06 IST" name="setUp" finished-at="2021-08-31T17:53:06 IST" duration-ms="1" status="PASS">
          <reporter-output>
          </reporter-output>
        </test-method> <!-- setUp -->
        <test-method signature="display()[pri:1, instance:demoTestNG.AnnotationsPRactice@76c3e77a]" started-at="2021-08-31T17:53:06 IST" name="display" finished-at="2021-08-31T17:53:06 IST" depends-on-methods="demoTestNG.AnnotationsPRactice.display2" duration-ms="2" status="PASS">
          <reporter-output>
            <line>
              <![CDATA[hello]]>
            </line>
          </reporter-output>
        </test-method> <!-- display -->
        <test-method is-config="true" signature="tearDown()[pri:0, instance:demoTestNG.AnnotationsPRactice@76c3e77a]" started-at="2021-08-31T17:53:06 IST" name="tearDown" finished-at="2021-08-31T17:53:06 IST" duration-ms="1" status="PASS">
          <reporter-output>
          </reporter-output>
        </test-method> <!-- tearDown -->
        <test-method is-config="true" signature="setUp()[pri:0, instance:demoTestNG.AnnotationsPRactice@76c3e77a]" started-at="2021-08-31T17:53:06 IST" name="setUp" finished-at="2021-08-31T17:53:06 IST" duration-ms="0" status="PASS">
          <reporter-output>
          </reporter-output>
        </test-method> <!-- setUp -->
        <test-method signature="display1()[pri:1, instance:demoTestNG.AnnotationsPRactice@76c3e77a]" started-at="2021-08-31T17:53:06 IST" name="display1" finished-at="2021-08-31T17:53:06 IST" duration-ms="1" status="PASS">
          <reporter-output>
            <line>
              <![CDATA[hello]]>
            </line>
          </reporter-output>
        </test-method> <!-- display1 -->
        <test-method is-config="true" signature="tearDown()[pri:0, instance:demoTestNG.AnnotationsPRactice@76c3e77a]" started-at="2021-08-31T17:53:06 IST" name="tearDown" finished-at="2021-08-31T17:53:06 IST" duration-ms="0" status="PASS">
          <reporter-output>
          </reporter-output>
        </test-method> <!-- tearDown -->
        <test-method is-config="true" signature="configAC()[pri:0, instance:demoTestNG.AnnotationsPRactice@76c3e77a]" started-at="2021-08-31T17:53:06 IST" name="configAC" finished-at="2021-08-31T17:53:06 IST" duration-ms="0" status="PASS">
          <reporter-output>
          </reporter-output>
        </test-method> <!-- configAC -->
        <test-method is-config="true" signature="configAT()[pri:0, instance:demoTestNG.AnnotationsPRactice@76c3e77a]" started-at="2021-08-31T17:53:06 IST" name="configAT" finished-at="2021-08-31T17:53:06 IST" duration-ms="1" status="PASS">
          <reporter-output>
          </reporter-output>
        </test-method> <!-- configAT -->
        <test-method is-config="true" signature="configAS()[pri:0, instance:demoTestNG.AnnotationsPRactice@76c3e77a]" started-at="2021-08-31T17:53:06 IST" name="configAS" finished-at="2021-08-31T17:53:06 IST" duration-ms="1" status="PASS">
          <reporter-output>
          </reporter-output>
        </test-method> <!-- configAS -->
      </class> <!-- demoTestNG.AnnotationsPRactice -->
    </test> <!-- Default test -->
  </suite> <!-- Default suite -->
</testng-results>
